<?xml version="1.0" encoding="UTF-8"?>
<!-- Generated by org.testng.reporters.JUnitXMLReporter -->
<testsuite ignored="1" hostname="LAPTOP-FMUIBJ8U" failures="1" tests="1" name="Default test(failed)" time="0.165" errors="0" timestamp="2023-12-22T15:43:23 IST">
  <testcase classname="testNgDemo.AssertionInTestNg" name="hardAssertion" time="0.048">
    <failure type="java.lang.AssertionError" message="Fail: Strings are not equal expected [Lionel Messi is the OAT of Football] but found [Lionel Messi is the GOAT of Football]">
      <![CDATA[java.lang.AssertionError: Fail: Strings are not equal expected [Lionel Messi is the OAT of Football] but found [Lionel Messi is the GOAT of Football]
at testNgDemo.AssertionInTestNg.hardAssertion(AssertionInTestNg.java:14)
at java.base/java.util.ArrayList.forEach(ArrayList.java:1511)
... Removed 32 stack frames]]>
    </failure>
  </testcase> <!-- hardAssertion -->
  <testcase classname="testNgDemo.AssertionInTestNg" name="softAssertionTest" time="0.0">
    <ignored/>
  </testcase> <!-- softAssertionTest -->
</testsuite> <!-- Default test(failed) -->
