<?xml version="1.0" encoding="UTF-8"?>
<!-- Generated by org.testng.reporters.JUnitXMLReporter -->
<testsuite ignored="0" hostname="LAPTOP-FMUIBJ8U" failures="0" tests="3" name="Default test" time="15.588" errors="0" timestamp="2024-01-07T00:23:29 IST">
  <testcase classname="pageObjectModelTestCases.LoginPageTest" name="verifyUrl" time="0.039"/>
  <testcase classname="pageObjectModelTestCases.LoginPageTest" name="verifyTitle" time="0.033"/>
  <testcase classname="pageObjectModelTestCases.LoginPageTest" name="verifylogin" time="2.947"/>
</testsuite> <!-- Default test -->
