<?xml version="1.0" encoding="UTF-8"?>
<testng-results ignored="0" total="3" passed="3" failed="0" skipped="0">
  <reporter-output>
  </reporter-output>
  <suite started-at="2024-01-07T00:23:13 IST" name="Default suite" finished-at="2024-01-07T00:23:29 IST" duration-ms="15588">
    <groups>
    </groups>
    <test started-at="2024-01-07T00:23:13 IST" name="Default test" finished-at="2024-01-07T00:23:29 IST" duration-ms="15588">
      <class name="pageObjectModelTestCases.LoginPageTest">
        <test-method is-config="true" signature="setup()[pri:0, instance:pageObjectModelTestCases.LoginPageTest@4f83df68]" started-at="2024-01-07T00:23:13 IST" name="setup" finished-at="2024-01-07T00:23:25 IST" duration-ms="11985" status="PASS">
          <reporter-output>
          </reporter-output>
        </test-method> <!-- setup -->
        <test-method signature="verifyUrl()[pri:1, instance:pageObjectModelTestCases.LoginPageTest@4f83df68]" started-at="2024-01-07T00:23:25 IST" name="verifyUrl" finished-at="2024-01-07T00:23:25 IST" duration-ms="39" status="PASS">
          <reporter-output>
          </reporter-output>
        </test-method> <!-- verifyUrl -->
        <test-method signature="verifyTitle()[pri:2, instance:pageObjectModelTestCases.LoginPageTest@4f83df68]" started-at="2024-01-07T00:23:25 IST" name="verifyTitle" finished-at="2024-01-07T00:23:25 IST" duration-ms="33" status="PASS">
          <reporter-output>
          </reporter-output>
        </test-method> <!-- verifyTitle -->
        <test-method signature="verifylogin()[pri:3, instance:pageObjectModelTestCases.LoginPageTest@4f83df68]" started-at="2024-01-07T00:23:25 IST" name="verifylogin" finished-at="2024-01-07T00:23:28 IST" duration-ms="2947" status="PASS">
          <reporter-output>
          </reporter-output>
        </test-method> <!-- verifylogin -->
        <test-method is-config="true" signature="tearDown()[pri:0, instance:pageObjectModelTestCases.LoginPageTest@4f83df68]" started-at="2024-01-07T00:23:28 IST" name="tearDown" finished-at="2024-01-07T00:23:29 IST" duration-ms="455" status="PASS">
          <reporter-output>
          </reporter-output>
        </test-method> <!-- tearDown -->
      </class> <!-- pageObjectModelTestCases.LoginPageTest -->
    </test> <!-- Default test -->
  </suite> <!-- Default suite -->
</testng-results>
